The following parameters are in effect:

List of Studies:
============================
--summaryFiles []
--covFiles []

Grouping Methods:
============================
--groupFile []
--annotatedVcf []
--writeVcf [OFF]

QC Options:
============================
--hwe [1e-05]
--callRate [0.95]

Association Methods:
============================
--burden [false]
--MB [false]
--SKAT [false]
--VT [false]
--condition []

Other Options:
============================
--correctGC [false]
--prefix []
--maf [0.05]
--longOutput [false]
--tabulateHits [false]
--dosage [OFF]
--hitsCutoff [1e-06]
--altMAF [OFF]
Analysis started at: Wed Jun  7 16:47:45 2017

